<?xml version="1.0" encoding="UTF-8"?>
<!-- Generated by org.testng.reporters.JUnitReportReporter -->
<testsuite hostname="DESKTOP-66PC654" failures="0" tests="1" name="CHROME_BROWSER.Launch_Chrome_browser" time="3.224" errors="0" timestamp="2024-01-31T19:06:18 IST" skipped="0">
  <testcase classname="CHROME_BROWSER.Launch_Chrome_browser" name="run" time="3.224"/>
  <system-out/>
</testsuite> <!-- CHROME_BROWSER.Launch_Chrome_browser -->
